[    3501ms] [LOG] %cWARNING! color: red; background: yellow; font-size: 24px; @ https://app.vwo.com/js/init-CRdE09OW.js:1
[    3501ms] [LOG] %cThis section is intended for developers only. Do not enter or paste code that you do not understand. If someone told you to copy and paste something, kindly report this to security@wingify.com. font-size: 18px; @ https://app.vwo.com/js/init-CRdE09OW.js:1
[    3890ms] [ERROR] Failed to load resource: the server responded with a status of 401 () @ https://app.vwo.com/login:0
[    4450ms] [VERBOSE] [DOM] Input elements should have autocomplete attributes (suggested: "current-password"): (More info: https://goo.gl/9p2vKq) %o @ https://app.vwo.com/#/login:0
[    4451ms] [VERBOSE] [DOM] Input elements should have autocomplete attributes (suggested: "new-password"): (More info: https://goo.gl/9p2vKq) %o @ https://app.vwo.com/#/login:0
[    4451ms] [VERBOSE] [DOM] Input elements should have autocomplete attributes (suggested: "new-password"): (More info: https://goo.gl/9p2vKq) %o @ https://app.vwo.com/#/login:0
[    6566ms] [WARNING] <meta name="apple-mobile-web-app-capable" content="yes"> is deprecated. Please include <meta name="mobile-web-app-capable" content="yes"> @ https://app.vwo.com/#/login:0
[    8971ms] [ERROR] Failed to load resource: the server responded with a status of 401 () @ https://app.vwo.com/plan/prices:0
[    9505ms] [WARNING] Failed to execute 'postMessage' on 'DOMWindow': The target origin provided ('https://www.youtube.com') does not match the recipient window's origin ('https://app.vwo.com'). @ https://www.youtube.com/s/player/f85ea353/www-widgetapi.vflset/www-widgetapi.js:209
[    9783ms] [WARNING] Failed to execute 'postMessage' on 'DOMWindow': The target origin provided ('https://www.youtube.com') does not match the recipient window's origin ('https://app.vwo.com'). @ https://www.youtube.com/s/player/f85ea353/www-widgetapi.vflset/www-widgetapi.js:209
[   10005ms] [WARNING] Failed to execute 'postMessage' on 'DOMWindow': The target origin provided ('https://www.youtube.com') does not match the recipient window's origin ('https://app.vwo.com'). @ https://www.youtube.com/s/player/f85ea353/www-widgetapi.vflset/www-widgetapi.js:209
[   10257ms] [WARNING] Failed to execute 'postMessage' on 'DOMWindow': The target origin provided ('https://www.youtube.com') does not match the recipient window's origin ('https://app.vwo.com'). @ https://www.youtube.com/s/player/f85ea353/www-widgetapi.vflset/www-widgetapi.js:209
[   10506ms] [WARNING] Failed to execute 'postMessage' on 'DOMWindow': The target origin provided ('https://www.youtube.com') does not match the recipient window's origin ('https://app.vwo.com'). @ https://www.youtube.com/s/player/f85ea353/www-widgetapi.vflset/www-widgetapi.js:209
[   10750ms] [WARNING] Failed to execute 'postMessage' on 'DOMWindow': The target origin provided ('https://www.youtube.com') does not match the recipient window's origin ('https://app.vwo.com'). @ https://www.youtube.com/s/player/f85ea353/www-widgetapi.vflset/www-widgetapi.js:209
[   11006ms] [WARNING] Failed to execute 'postMessage' on 'DOMWindow': The target origin provided ('https://www.youtube.com') does not match the recipient window's origin ('https://app.vwo.com'). @ https://www.youtube.com/s/player/f85ea353/www-widgetapi.vflset/www-widgetapi.js:209
[   11254ms] [WARNING] Failed to execute 'postMessage' on 'DOMWindow': The target origin provided ('https://www.youtube.com') does not match the recipient window's origin ('https://app.vwo.com'). @ https://www.youtube.com/s/player/f85ea353/www-widgetapi.vflset/www-widgetapi.js:209
[   11500ms] [WARNING] Failed to execute 'postMessage' on 'DOMWindow': The target origin provided ('https://www.youtube.com') does not match the recipient window's origin ('https://app.vwo.com'). @ https://www.youtube.com/s/player/f85ea353/www-widgetapi.vflset/www-widgetapi.js:209
[   11752ms] [WARNING] Failed to execute 'postMessage' on 'DOMWindow': The target origin provided ('https://www.youtube.com') does not match the recipient window's origin ('https://app.vwo.com'). @ https://www.youtube.com/s/player/f85ea353/www-widgetapi.vflset/www-widgetapi.js:209
[   12005ms] [WARNING] Failed to execute 'postMessage' on 'DOMWindow': The target origin provided ('https://www.youtube.com') does not match the recipient window's origin ('https://app.vwo.com'). @ https://www.youtube.com/s/player/f85ea353/www-widgetapi.vflset/www-widgetapi.js:209
[   12250ms] [WARNING] Failed to execute 'postMessage' on 'DOMWindow': The target origin provided ('https://www.youtube.com') does not match the recipient window's origin ('https://app.vwo.com'). @ https://www.youtube.com/s/player/f85ea353/www-widgetapi.vflset/www-widgetapi.js:209
[   12503ms] [WARNING] Failed to execute 'postMessage' on 'DOMWindow': The target origin provided ('https://www.youtube.com') does not match the recipient window's origin ('https://app.vwo.com'). @ https://www.youtube.com/s/player/f85ea353/www-widgetapi.vflset/www-widgetapi.js:209
